build_old/app/intermediates/manifest_merge_blame_file/debug/manifest-merger-blame-debug-report.txt
1<?xml version="1.0" encoding="utf-8"?>
2<manifest xmlns:android="http://schemas.android.com/apk/res/android"
3    package="com.example.interioro_casa"
4    android:versionCode="1"
5    android:versionName="1.0.0" >
6
7    <uses-sdk
8        android:minSdkVersion="19"
9        android:targetSdkVersion="31" />
10    <!--
11         Flutter needs it to communicate with the running application
12         to allow setting breakpoints, to provide hot reload, etc.
13    -->
14    <uses-permission android:name="android.permission.INTERNET" />
14-->src\debug\AndroidManifest.xml:6:5-66
14-->src\debug\AndroidManifest.xml:6:22-64
15    <!-- Although the *SdkVersion is captured in gradle build files, this is required for non gradle builds -->
16    <!-- <uses-sdk android:minSdkVersion="14" /> -->
17    <uses-permission android:name="android.permission.ACCESS_NETWORK_STATE" />
17-->[com.google.firebase:firebase-firestore:24.4.0] AndroidManifest.xml:12:5-79
17-->[com.google.firebase:firebase-firestore:24.4.0] AndroidManifest.xml:12:22-76
18
19    <application
20        android:name="io.flutter.app.FlutterMultiDexApplication"
21        android:appComponentFactory="androidx.core.app.CoreComponentFactory"
21-->[androidx.core:core:1.6.0] AndroidManifest.xml:24:18-86
22        android:debuggable="true"
23        android:icon="@mipmap/ic_launcher"
24        android:label="interioro_casa" >
25        <activity
26            android:name="com.example.interioro_casa.MainActivity"
27            android:configChanges="orientation|keyboardHidden|keyboard|screenSize|smallestScreenSize|locale|layoutDirection|fontScale|screenLayout|density|uiMode"
28            android:exported="true"
29            android:hardwareAccelerated="true"
30            android:launchMode="singleTop"
31            android:theme="@style/LaunchTheme"
32            android:windowSoftInputMode="adjustResize" >
33
34            <!--
35                 Specifies an Android theme to apply to this Activity as soon as
36                 the Android process has started. This theme is visible to the user
37                 while the Flutter UI initializes. After that, this theme continues
38                 to determine the Window background behind the Flutter UI.
39            -->
40            <meta-data
41                android:name="io.flutter.embedding.android.NormalTheme"
42                android:resource="@style/NormalTheme" />
43
44            <intent-filter>
45                <action android:name="android.intent.action.MAIN" />
46
47                <category android:name="android.intent.category.LAUNCHER" />
48            </intent-filter>
49        </activity>
50        <!--
51             Don't delete the meta-data below.
52             This is used by the Flutter tool to generate GeneratedPluginRegistrant.java
53        -->
54        <meta-data
55            android:name="flutterEmbedding"
56            android:value="2" />
57
58        <service
58-->[:cloud_firestore] AndroidManifest.xml:8:9-12:19
59            android:name="com.google.firebase.components.ComponentDiscoveryService"
59-->[:cloud_firestore] AndroidManifest.xml:8:18-89
60            android:directBootAware="true"
60-->[com.google.firebase:firebase-common:20.2.0] AndroidManifest.xml:34:13-43
61            android:exported="false" >
61-->[com.google.firebase:firebase-firestore:24.4.0] AndroidManifest.xml:18:13-37
62            <meta-data
62-->[:cloud_firestore] AndroidManifest.xml:9:13-11:85
63                android:name="com.google.firebase.components:io.flutter.plugins.firebase.firestore.FlutterFirebaseFirestoreRegistrar"
63-->[:cloud_firestore] AndroidManifest.xml:10:17-134
64                android:value="com.google.firebase.components.ComponentRegistrar" />
64-->[:cloud_firestore] AndroidManifest.xml:11:17-82
65            <meta-data
65-->[:firebase_core] AndroidManifest.xml:9:13-11:85
66                android:name="com.google.firebase.components:io.flutter.plugins.firebase.core.FlutterFirebaseCoreRegistrar"
66-->[:firebase_core] AndroidManifest.xml:10:17-124
67                android:value="com.google.firebase.components.ComponentRegistrar" />
67-->[:firebase_core] AndroidManifest.xml:11:17-82
68            <meta-data
68-->[com.google.firebase:firebase-firestore:24.4.0] AndroidManifest.xml:19:13-21:85
69                android:name="com.google.firebase.components:com.google.firebase.firestore.FirestoreRegistrar"
69-->[com.google.firebase:firebase-firestore:24.4.0] AndroidManifest.xml:20:17-111
70                android:value="com.google.firebase.components.ComponentRegistrar" />
70-->[com.google.firebase:firebase-firestore:24.4.0] AndroidManifest.xml:21:17-82
71        </service>
72
73        <uses-library
73-->[androidx.window:window:1.0.0-beta04] AndroidManifest.xml:25:9-27:40
74            android:name="androidx.window.extensions"
74-->[androidx.window:window:1.0.0-beta04] AndroidManifest.xml:26:13-54
75            android:required="false" />
75-->[androidx.window:window:1.0.0-beta04] AndroidManifest.xml:27:13-37
76        <uses-library
76-->[androidx.window:window:1.0.0-beta04] AndroidManifest.xml:28:9-30:40
77            android:name="androidx.window.sidecar"
77-->[androidx.window:window:1.0.0-beta04] AndroidManifest.xml:29:13-51
78            android:required="false" />
78-->[androidx.window:window:1.0.0-beta04] AndroidManifest.xml:30:13-37
79
80        <provider
80-->[com.google.firebase:firebase-common:20.2.0] AndroidManifest.xml:25:9-30:39
81            android:name="com.google.firebase.provider.FirebaseInitProvider"
81-->[com.google.firebase:firebase-common:20.2.0] AndroidManifest.xml:26:13-77
82            android:authorities="com.example.interioro_casa.firebaseinitprovider"
82-->[com.google.firebase:firebase-common:20.2.0] AndroidManifest.xml:27:13-72
83            android:directBootAware="true"
83-->[com.google.firebase:firebase-common:20.2.0] AndroidManifest.xml:28:13-43
84            android:exported="false"
84-->[com.google.firebase:firebase-common:20.2.0] AndroidManifest.xml:29:13-37
85            android:initOrder="100" />
85-->[com.google.firebase:firebase-common:20.2.0] AndroidManifest.xml:30:13-36
86
87        <activity
87-->[com.google.android.gms:play-services-base:18.0.1] AndroidManifest.xml:20:9-22:45
88            android:name="com.google.android.gms.common.api.GoogleApiActivity"
88-->[com.google.android.gms:play-services-base:18.0.1] AndroidManifest.xml:20:19-85
89            android:exported="false"
89-->[com.google.android.gms:play-services-base:18.0.1] AndroidManifest.xml:22:19-43
90            android:theme="@android:style/Theme.Translucent.NoTitleBar" />
90-->[com.google.android.gms:play-services-base:18.0.1] AndroidManifest.xml:21:19-78
91
92        <meta-data
92-->[com.google.android.gms:play-services-basement:18.1.0] AndroidManifest.xml:21:9-23:69
93            android:name="com.google.android.gms.version"
93-->[com.google.android.gms:play-services-basement:18.1.0] AndroidManifest.xml:22:13-58
94            android:value="@integer/google_play_services_version" />
94-->[com.google.android.gms:play-services-basement:18.1.0] AndroidManifest.xml:23:13-66
95    </application>
96
97</manifest>